Success (3):
content 4378 _a-0000e75b-74f4-8000-3c73-01ef9001ef90_24712 "Test Rule"
content 4750 _a-0000e75b-74f4-8000-3c73-01ef9001ef90_24717 "Test"
application 4377 _a-0000e75b-74f4-8000-3c73-01ef9001ef90_24706 "Test App"

Trace:
2022-01-05 21:02:50.381 DEBUG application 4377 _a-0000e75b-74f4-8000-3c73-01ef9001ef90_24706 Begin transport.
2022-01-05 21:02:50.381 DEBUG application 4377 _a-0000e75b-74f4-8000-3c73-01ef9001ef90_24706 Retrieving object data.
2022-01-05 21:02:50.39 DEBUG application 4377 _a-0000e75b-74f4-8000-3c73-01ef9001ef90_24706 App associated objects: [content=[_a-0000e75b-74f4-8000-3c73-01ef9001ef90_24712, _a-0000e75b-74f4-8000-3c73-01ef9001ef90_24717]]
2022-01-05 21:02:50.393 DEBUG application 4377 _a-0000e75b-74f4-8000-3c73-01ef9001ef90_24706 Invalid associated objects: []
2022-01-05 21:02:50.393 DEBUG application 4377 _a-0000e75b-74f4-8000-3c73-01ef9001ef90_24706 Adding valid associated objects to be exported: GlobalBindingMap[content={_a-0000e75b-74f4-8000-3c73-01ef9001ef90_24712=4378, _a-0000e75b-74f4-8000-3c73-01ef9001ef90_24717=4750}]
2022-01-05 21:02:50.393 DEBUG application 4377 _a-0000e75b-74f4-8000-3c73-01ef9001ef90_24706 Setting uuids of object references.
2022-01-05 21:02:50.393 DEBUG application 4377 _a-0000e75b-74f4-8000-3c73-01ef9001ef90_24706 Processing reference: Application.forum
2022-01-05 21:02:50.394 DEBUG application 4377 _a-0000e75b-74f4-8000-3c73-01ef9001ef90_24706 Processing reference: Application.parent
2022-01-05 21:02:50.401 DEBUG application 4377 _a-0000e75b-74f4-8000-3c73-01ef9001ef90_24706 Processing reference: com.appiancorp.suiteapi.content.ContentRoleMap@f69e1ef[
  ContentRole[name=readers,inherit=false,allowForAll=true]
  ContentRole[name=authors,inherit=false,allowForAll=true]
  ContentRole[name=administrators,inherit=false,allowForAll=true]
  ContentRole[name=denyReaders,inherit=false,allowForAll=false]
  ContentRole[name=denyAuthors,inherit=false,allowForAll=false]
  ContentRole[name=denyAdministrators,inherit=false,allowForAll=false]
  securityVector=113:SEC_PUBLIC=true,SEC_CREATOR_ADMIN=false,SEC_INH_ADMIN=false,SEC_INH_EDITOR=false,SEC_INH_VIEWER=false,SEC_ALL_ADMIN=true,SEC_ALL_EDITOR=true,SEC_ALL_VIEWER=true
]
2022-01-05 21:02:50.401 DEBUG application 4377 _a-0000e75b-74f4-8000-3c73-01ef9001ef90_24706 Processing reference: ContentRole[name=readers,inherit=false,allowForAll=true]
2022-01-05 21:02:50.401 DEBUG application 4377 _a-0000e75b-74f4-8000-3c73-01ef9001ef90_24706 Processing reference: ContentRole[name=authors,inherit=false,allowForAll=true]
2022-01-05 21:02:50.401 DEBUG application 4377 _a-0000e75b-74f4-8000-3c73-01ef9001ef90_24706 Processing reference: ContentRole[name=administrators,inherit=false,allowForAll=true]
2022-01-05 21:02:50.401 DEBUG application 4377 _a-0000e75b-74f4-8000-3c73-01ef9001ef90_24706 Processing reference: ContentRole[name=denyReaders,inherit=false,allowForAll=false]
2022-01-05 21:02:50.401 DEBUG application 4377 _a-0000e75b-74f4-8000-3c73-01ef9001ef90_24706 Processing reference: ContentRole[name=denyAuthors,inherit=false,allowForAll=false]
2022-01-05 21:02:50.401 DEBUG application 4377 _a-0000e75b-74f4-8000-3c73-01ef9001ef90_24706 Processing reference: ContentRole[name=denyAdministrators,inherit=false,allowForAll=false]
2022-01-05 21:02:50.405 DEBUG content 4378 _a-0000e75b-74f4-8000-3c73-01ef9001ef90_24712 Begin transport.
2022-01-05 21:02:50.405 DEBUG content 4378 _a-0000e75b-74f4-8000-3c73-01ef9001ef90_24712 Retrieving object data.
2022-01-05 21:02:50.416 DEBUG content 4378 _a-0000e75b-74f4-8000-3c73-01ef9001ef90_24712 Setting uuids of object references.
2022-01-05 21:02:50.417 DEBUG content 4378 _a-0000e75b-74f4-8000-3c73-01ef9001ef90_24712 Processing reference: RulesFolder.forum
2022-01-05 21:02:50.417 DEBUG content 4378 _a-0000e75b-74f4-8000-3c73-01ef9001ef90_24712 Processing reference: RulesFolder.parent
2022-01-05 21:02:50.423 DEBUG content 4378 _a-0000e75b-74f4-8000-3c73-01ef9001ef90_24712 Processing reference: com.appiancorp.suiteapi.content.ContentRoleMap@367eafd6[
  ContentRole[name=readers,inherit=false,allowForAll=false]
  ContentRole[name=authors,inherit=false,allowForAll=false]
  ContentRole[name=administrators,inherit=false,allowForAll=false]
  ContentRole[name=denyReaders,inherit=false,allowForAll=false]
  ContentRole[name=denyAuthors,inherit=false,allowForAll=false]
  ContentRole[name=denyAdministrators,inherit=false,allowForAll=false]
  securityVector=1:SEC_PUBLIC=true,SEC_CREATOR_ADMIN=false,SEC_INH_ADMIN=false,SEC_INH_EDITOR=false,SEC_INH_VIEWER=false,SEC_ALL_ADMIN=false,SEC_ALL_EDITOR=false,SEC_ALL_VIEWER=false
]
2022-01-05 21:02:50.423 DEBUG content 4378 _a-0000e75b-74f4-8000-3c73-01ef9001ef90_24712 Processing reference: ContentRole[name=readers,inherit=false,allowForAll=false]
2022-01-05 21:02:50.423 DEBUG content 4378 _a-0000e75b-74f4-8000-3c73-01ef9001ef90_24712 Processing reference: ContentRole[name=authors,inherit=false,allowForAll=false]
2022-01-05 21:02:50.423 DEBUG content 4378 _a-0000e75b-74f4-8000-3c73-01ef9001ef90_24712 Processing reference: ContentRole[name=administrators,inherit=false,allowForAll=false]
2022-01-05 21:02:50.423 DEBUG content 4378 _a-0000e75b-74f4-8000-3c73-01ef9001ef90_24712 Processing reference: ContentRole[name=denyReaders,inherit=false,allowForAll=false]
2022-01-05 21:02:50.423 DEBUG content 4378 _a-0000e75b-74f4-8000-3c73-01ef9001ef90_24712 Processing reference: ContentRole[name=denyAuthors,inherit=false,allowForAll=false]
2022-01-05 21:02:50.423 DEBUG content 4378 _a-0000e75b-74f4-8000-3c73-01ef9001ef90_24712 Processing reference: ContentRole[name=denyAdministrators,inherit=false,allowForAll=false]
2022-01-05 21:02:50.423 DEBUG content 4378 _a-0000e75b-74f4-8000-3c73-01ef9001ef90_24712 Completing produce.
2022-01-05 21:02:50.423 DEBUG content 4378 _a-0000e75b-74f4-8000-3c73-01ef9001ef90_24712 Exporting binary resources.
2022-01-05 21:02:50.423 DEBUG content 4378 _a-0000e75b-74f4-8000-3c73-01ef9001ef90_24712 Serializing object to XML.
2022-01-05 21:02:50.429 DEBUG content 4378 _a-0000e75b-74f4-8000-3c73-01ef9001ef90_24712 Object transported.
2022-01-05 21:02:50.429 DEBUG content 4750 _a-0000e75b-74f4-8000-3c73-01ef9001ef90_24717 Begin transport.
2022-01-05 21:02:50.429 DEBUG content 4750 _a-0000e75b-74f4-8000-3c73-01ef9001ef90_24717 Retrieving object data.
2022-01-05 21:02:50.442 DEBUG content 4750 _a-0000e75b-74f4-8000-3c73-01ef9001ef90_24717 Setting uuids of object references.
2022-01-05 21:02:50.442 DEBUG content 4750 _a-0000e75b-74f4-8000-3c73-01ef9001ef90_24717 Processing reference: [Content:id=4379,versionId=-1,name=Test,type=32,subtype=0,uuid=_a-0000e75b-74f4-8000-3c73-01ef9001ef90_24717,parent=4378]
2022-01-05 21:02:50.459 DEBUG content 4750 _a-0000e75b-74f4-8000-3c73-01ef9001ef90_24717 Processing reference: Constant.forum
2022-01-05 21:02:50.461 DEBUG content 4750 _a-0000e75b-74f4-8000-3c73-01ef9001ef90_24717 Processing reference: Constant.parent
2022-01-05 21:02:50.466 DEBUG content 4750 _a-0000e75b-74f4-8000-3c73-01ef9001ef90_24717 Processing reference: com.appiancorp.suiteapi.content.ContentRoleMap@5983dff[
  ContentRole[name=readers,inherit=true,allowForAll=false]
  ContentRole[name=authors,inherit=true,allowForAll=false]
  ContentRole[name=administrators,inherit=true,allowForAll=false]
  ContentRole[name=denyReaders,inherit=false,allowForAll=false]
  ContentRole[name=denyAuthors,inherit=false,allowForAll=false]
  ContentRole[name=denyAdministrators,inherit=false,allowForAll=false]
  securityVector=15:SEC_PUBLIC=true,SEC_CREATOR_ADMIN=false,SEC_INH_ADMIN=true,SEC_INH_EDITOR=true,SEC_INH_VIEWER=true,SEC_ALL_ADMIN=false,SEC_ALL_EDITOR=false,SEC_ALL_VIEWER=false
]
2022-01-05 21:02:50.466 DEBUG content 4750 _a-0000e75b-74f4-8000-3c73-01ef9001ef90_24717 Processing reference: ContentRole[name=readers,inherit=true,allowForAll=false]
2022-01-05 21:02:50.466 DEBUG content 4750 _a-0000e75b-74f4-8000-3c73-01ef9001ef90_24717 Processing reference: ContentRole[name=authors,inherit=true,allowForAll=false]
2022-01-05 21:02:50.466 DEBUG content 4750 _a-0000e75b-74f4-8000-3c73-01ef9001ef90_24717 Processing reference: ContentRole[name=administrators,inherit=true,allowForAll=false]
2022-01-05 21:02:50.466 DEBUG content 4750 _a-0000e75b-74f4-8000-3c73-01ef9001ef90_24717 Processing reference: ContentRole[name=denyReaders,inherit=false,allowForAll=false]
2022-01-05 21:02:50.466 DEBUG content 4750 _a-0000e75b-74f4-8000-3c73-01ef9001ef90_24717 Processing reference: ContentRole[name=denyAuthors,inherit=false,allowForAll=false]
2022-01-05 21:02:50.466 DEBUG content 4750 _a-0000e75b-74f4-8000-3c73-01ef9001ef90_24717 Processing reference: ContentRole[name=denyAdministrators,inherit=false,allowForAll=false]
2022-01-05 21:02:50.467 DEBUG content 4750 _a-0000e75b-74f4-8000-3c73-01ef9001ef90_24717 Completing produce.
2022-01-05 21:02:50.467 DEBUG content 4750 _a-0000e75b-74f4-8000-3c73-01ef9001ef90_24717 Exporting binary resources.
2022-01-05 21:02:50.467 DEBUG content 4750 _a-0000e75b-74f4-8000-3c73-01ef9001ef90_24717 Serializing object to XML.
2022-01-05 21:02:50.489 DEBUG content 4750 _a-0000e75b-74f4-8000-3c73-01ef9001ef90_24717 Object transported.
2022-01-05 21:02:50.489 DEBUG application 4377 _a-0000e75b-74f4-8000-3c73-01ef9001ef90_24706 Completing produce.
2022-01-05 21:02:50.489 DEBUG application 4377 _a-0000e75b-74f4-8000-3c73-01ef9001ef90_24706 Exporting binary resources.
2022-01-05 21:02:50.489 DEBUG application 4377 _a-0000e75b-74f4-8000-3c73-01ef9001ef90_24706 Serializing object to XML.
2022-01-05 21:02:50.493 DEBUG application 4377 _a-0000e75b-74f4-8000-3c73-01ef9001ef90_24706 Object transported.
